2018-02-01 21:02:24,656 - recording - INFO - [-1. -1.  1.  1.  1.  1.  1.]
2018-02-01 21:02:24,657 - recording - INFO - [-1.0, -1.0, -1.0, 1.0, 1.0, 1.0, 1.0]
2018-02-01 21:02:24,657 - recording - INFO - 强分类器真实测试准确率为：0.8571428571428572
2018-02-02 13:53:41,864 - recording - INFO - [-1. -1.  1.  1.  1.  1.  1.]
2018-02-02 13:53:41,865 - recording - INFO - [-1.0, -1.0, -1.0, 1.0, 1.0, 1.0, 1.0]
2018-02-02 13:53:41,865 - recording - INFO - 强分类器真实测试准确率为：0.8571428571428572
2018-02-02 13:57:43,982 - recording - INFO - [ 1.  1.  1.  1.  1.  1.]
2018-02-02 13:57:43,982 - recording - INFO - [1.0, -1.0, -1.0, -1.0, 1.0, 1.0]
2018-02-02 13:57:43,983 - recording - INFO - 强分类器真实测试准确率为：0.5
2018-02-02 13:59:52,155 - recording - INFO - [ 1.  1.  1.  1.  1.  1.]
2018-02-02 13:59:52,156 - recording - INFO - [1.0, -1.0, -1.0, -1.0, 1.0, 1.0]
2018-02-02 13:59:52,156 - recording - INFO - 强分类器真实测试准确率为：0.5
2018-02-02 14:06:39,432 - recording - INFO - [ 1.  1.  1.  1.  1.  1.]
2018-02-02 14:06:39,432 - recording - INFO - [1.0, -1.0, -1.0, -1.0, 1.0, 1.0]
2018-02-02 14:06:39,433 - recording - INFO - 强分类器真实测试准确率为：0.5
2018-02-02 14:07:11,957 - recording - INFO - [ 1.  1.  1.  1.  1.  1.]
2018-02-02 14:07:11,958 - recording - INFO - [1.0, -1.0, -1.0, -1.0, 1.0, 1.0]
2018-02-02 14:07:11,958 - recording - INFO - 强分类器真实测试准确率为：0.5
2018-02-02 14:07:22,564 - recording - INFO - [ 1.  1.  1.  1.  1.  1.]
2018-02-02 14:07:22,565 - recording - INFO - [1.0, -1.0, -1.0, -1.0, 1.0, 1.0]
2018-02-02 14:07:22,565 - recording - INFO - 强分类器真实测试准确率为：0.5
2018-02-02 14:08:17,576 - recording - INFO - [ 1.  1.  1.  1.  1.  1.]
2018-02-02 14:08:17,577 - recording - INFO - [1.0, -1.0, -1.0, -1.0, 1.0, 1.0]
2018-02-02 14:08:17,577 - recording - INFO - 强分类器真实测试准确率为：0.5
2018-02-02 14:25:51,612 - recording - INFO - [-1.  1.  1.  1.  1.  1.]
2018-02-02 14:25:51,613 - recording - INFO - [1.0, -1.0, -1.0, -1.0, 1.0, 1.0]
2018-02-02 14:25:51,613 - recording - INFO - 强分类器真实测试准确率为：0.33333333333333337
2018-02-02 14:26:15,130 - recording - INFO - [-1.  1.  1.  1.  1.  1.]
2018-02-02 14:26:15,131 - recording - INFO - [1.0, -1.0, -1.0, -1.0, 1.0, 1.0]
2018-02-02 14:26:15,131 - recording - INFO - 强分类器真实测试准确率为：0.33333333333333337
2018-02-02 14:26:26,078 - recording - INFO - [ 1.  1.  1.  1.  1.  1.]
2018-02-02 14:26:26,078 - recording - INFO - [1.0, -1.0, -1.0, -1.0, 1.0, 1.0]
2018-02-02 14:26:26,078 - recording - INFO - 强分类器真实测试准确率为：0.5
2018-02-02 14:26:29,738 - recording - INFO - [ 1.  1.  1.  1.  1.  1.]
2018-02-02 14:26:29,739 - recording - INFO - [1.0, -1.0, -1.0, -1.0, 1.0, 1.0]
2018-02-02 14:26:29,739 - recording - INFO - 强分类器真实测试准确率为：0.5
2018-02-02 14:26:33,194 - recording - INFO - [ 1.  1.  1.  1.  1.  1.]
2018-02-02 14:26:33,194 - recording - INFO - [1.0, -1.0, -1.0, -1.0, 1.0, 1.0]
2018-02-02 14:26:33,194 - recording - INFO - 强分类器真实测试准确率为：0.5
2018-02-02 16:50:00,092 - recording - INFO - [ 1.  1.  1.  1.  1.  1.]
2018-02-02 16:50:00,093 - recording - INFO - [1.0, -1.0, -1.0, -1.0, 1.0, 1.0]
2018-02-02 16:50:00,093 - recording - INFO - 强分类器真实测试准确率为：0.5
2018-02-02 16:50:03,768 - recording - INFO - [-1.  1.  1.  1.  1.  1.]
2018-02-02 16:50:03,773 - recording - INFO - [1.0, -1.0, -1.0, -1.0, 1.0, 1.0]
2018-02-02 16:50:03,773 - recording - INFO - 强分类器真实测试准确率为：0.33333333333333337
2018-02-02 16:50:06,514 - recording - INFO - [ 1.  1.  1.  1.  1.  1.]
2018-02-02 16:50:06,515 - recording - INFO - [1.0, -1.0, -1.0, -1.0, 1.0, 1.0]
2018-02-02 16:50:06,515 - recording - INFO - 强分类器真实测试准确率为：0.5
2018-02-02 16:50:08,638 - recording - INFO - [-1.  1.  1.  1.  1.  1.]
2018-02-02 16:50:08,639 - recording - INFO - [1.0, -1.0, -1.0, -1.0, 1.0, 1.0]
2018-02-02 16:50:08,639 - recording - INFO - 强分类器真实测试准确率为：0.33333333333333337
2018-02-02 16:50:10,765 - recording - INFO - [ 1.  1.  1.  1.  1.  1.]
2018-02-02 16:50:10,766 - recording - INFO - [1.0, -1.0, -1.0, -1.0, 1.0, 1.0]
2018-02-02 16:50:10,766 - recording - INFO - 强分类器真实测试准确率为：0.5
2018-02-02 16:50:12,838 - recording - INFO - [ 1.  1.  1.  1.  1.  1.]
2018-02-02 16:50:12,838 - recording - INFO - [1.0, -1.0, -1.0, -1.0, 1.0, 1.0]
2018-02-02 16:50:12,838 - recording - INFO - 强分类器真实测试准确率为：0.5
2018-02-02 16:50:14,954 - recording - INFO - [ 1.  1.  1.  1.  1.  1.]
2018-02-02 16:50:14,955 - recording - INFO - [1.0, -1.0, -1.0, -1.0, 1.0, 1.0]
2018-02-02 16:50:14,955 - recording - INFO - 强分类器真实测试准确率为：0.5
2018-02-02 16:50:17,107 - recording - INFO - [ 1.  1.  1.  1.  1.  1.]
2018-02-02 16:50:17,108 - recording - INFO - [1.0, -1.0, -1.0, -1.0, 1.0, 1.0]
2018-02-02 16:50:17,108 - recording - INFO - 强分类器真实测试准确率为：0.5
2018-02-02 16:50:19,295 - recording - INFO - [ 1.  1.  1.  1.  1.  1.]
2018-02-02 16:50:19,296 - recording - INFO - [1.0, -1.0, -1.0, -1.0, 1.0, 1.0]
2018-02-02 16:50:19,296 - recording - INFO - 强分类器真实测试准确率为：0.5
2018-02-02 16:50:21,513 - recording - INFO - [ 1.  1.  1.  1.  1.  1.]
2018-02-02 16:50:21,513 - recording - INFO - [1.0, -1.0, -1.0, -1.0, 1.0, 1.0]
2018-02-02 16:50:21,513 - recording - INFO - 强分类器真实测试准确率为：0.5
2018-02-02 16:50:23,734 - recording - INFO - [-1.  1.  1.  1.  1.  1.]
2018-02-02 16:50:23,734 - recording - INFO - [1.0, -1.0, -1.0, -1.0, 1.0, 1.0]
2018-02-02 16:50:23,734 - recording - INFO - 强分类器真实测试准确率为：0.33333333333333337
2018-02-02 16:50:26,055 - recording - INFO - [ 1.  1.  1.  1.  1.  1.]
2018-02-02 16:50:26,056 - recording - INFO - [1.0, -1.0, -1.0, -1.0, 1.0, 1.0]
2018-02-02 16:50:26,056 - recording - INFO - 强分类器真实测试准确率为：0.5
2018-02-02 16:50:28,357 - recording - INFO - [-1.  1.  1.  1.  1.  1.]
2018-02-02 16:50:28,358 - recording - INFO - [1.0, -1.0, -1.0, -1.0, 1.0, 1.0]
2018-02-02 16:50:28,358 - recording - INFO - 强分类器真实测试准确率为：0.33333333333333337
2018-02-02 16:51:04,304 - recording - INFO - [ 1.  1.  1.  1.  1.  1.]
2018-02-02 16:51:04,304 - recording - INFO - [1.0, -1.0, -1.0, -1.0, 1.0, 1.0]
2018-02-02 16:51:04,305 - recording - INFO - 强分类器真实测试准确率为：0.5
2018-02-02 16:51:48,700 - recording - INFO - [ 1.  1.  1.  1.  1.  1.]
2018-02-02 16:51:48,701 - recording - INFO - [1.0, -1.0, -1.0, -1.0, 1.0, 1.0]
2018-02-02 16:51:48,701 - recording - INFO - 强分类器真实测试准确率为：0.5
2018-02-02 16:52:39,962 - recording - INFO - [ 1.  1.  1.  1.  1.  1.]
2018-02-02 16:52:39,963 - recording - INFO - [1.0, -1.0, -1.0, -1.0, 1.0, 1.0]
2018-02-02 16:52:39,963 - recording - INFO - 强分类器真实测试准确率为：0.5
2018-02-02 16:54:36,407 - recording - INFO - [ 1.  1.  1.  1.  1.  1.]
2018-02-02 16:54:36,408 - recording - INFO - [1.0, -1.0, -1.0, -1.0, 1.0, 1.0]
2018-02-02 16:54:36,408 - recording - INFO - 强分类器真实测试准确率为：0.5
2018-02-02 16:56:09,222 - recording - INFO - [ 1.  1.  1.  1.  1.  1.]
2018-02-02 16:56:09,223 - recording - INFO - [1.0, -1.0, -1.0, -1.0, 1.0, 1.0]
2018-02-02 16:56:09,223 - recording - INFO - 强分类器真实测试准确率为：0.5
2018-02-02 16:56:36,848 - recording - INFO - [ 1.  1.  1.  1.  1.  1.]
2018-02-02 16:56:36,848 - recording - INFO - [1.0, -1.0, -1.0, -1.0, 1.0, 1.0]
2018-02-02 16:56:36,848 - recording - INFO - 强分类器真实测试准确率为：0.5
2018-02-02 16:56:52,005 - recording - INFO - [-1.  1.  1.  1.  1.  1.]
2018-02-02 16:56:52,006 - recording - INFO - [1.0, -1.0, -1.0, -1.0, 1.0, 1.0]
2018-02-02 16:56:52,006 - recording - INFO - 强分类器真实测试准确率为：0.33333333333333337
2018-02-02 16:58:02,172 - recording - INFO - [-1.  1.  1.  1.  1.  1.]
2018-02-02 16:58:02,173 - recording - INFO - [1.0, -1.0, -1.0, -1.0, 1.0, 1.0]
2018-02-02 16:58:02,174 - recording - INFO - 强分类器真实测试准确率为：0.33333333333333337
2018-02-02 16:58:43,634 - recording - INFO - [ 1.  1.  1.  1.  1.  1.]
2018-02-02 16:58:43,634 - recording - INFO - [1.0, -1.0, -1.0, -1.0, 1.0, 1.0]
2018-02-02 16:58:43,634 - recording - INFO - 强分类器真实测试准确率为：0.5
2018-02-02 16:58:57,355 - recording - INFO - [ 1.  1.  1.  1.  1.  1.]
2018-02-02 16:58:57,355 - recording - INFO - [1.0, -1.0, -1.0, -1.0, 1.0, 1.0]
2018-02-02 16:58:57,355 - recording - INFO - 强分类器真实测试准确率为：0.5
2018-02-02 17:00:44,313 - recording - INFO - [-1.  1.  1.  1.  1.  1.]
2018-02-02 17:00:44,314 - recording - INFO - [1.0, -1.0, -1.0, -1.0, 1.0, 1.0]
2018-02-02 17:00:44,314 - recording - INFO - 强分类器真实测试准确率为：0.33333333333333337
2018-02-02 17:01:13,166 - recording - INFO - [ 1.  1.  1.  1.  1.  1.]
2018-02-02 17:01:13,167 - recording - INFO - [1.0, -1.0, -1.0, -1.0, 1.0, 1.0]
2018-02-02 17:01:13,167 - recording - INFO - 强分类器真实测试准确率为：0.5
2018-02-02 17:01:41,223 - recording - INFO - [ 1.  1.  1.  1.  1.  1.]
2018-02-02 17:01:41,224 - recording - INFO - [1.0, -1.0, -1.0, -1.0, 1.0, 1.0]
2018-02-02 17:01:41,225 - recording - INFO - 强分类器真实测试准确率为：0.5
2018-02-02 17:02:18,455 - recording - INFO - [ 1.  1.  1.  1.  1.  1.]
2018-02-02 17:02:18,456 - recording - INFO - [1.0, -1.0, -1.0, -1.0, 1.0, 1.0]
2018-02-02 17:02:18,456 - recording - INFO - 强分类器真实测试准确率为：0.5
2018-02-02 17:06:46,811 - recording - INFO - [ 1. -1.  1. -1.  1. -1.]
2018-02-02 17:06:46,812 - recording - INFO - [1.0, -1.0, -1.0, -1.0, 1.0, 1.0]
2018-02-02 17:06:46,812 - recording - INFO - 强分类器真实测试准确率为：0.6666666666666667
2018-02-02 17:07:11,758 - recording - INFO - [-1.  1.  1.  1.  1.  1.]
2018-02-02 17:07:11,758 - recording - INFO - [1.0, -1.0, -1.0, -1.0, 1.0, 1.0]
2018-02-02 17:07:11,758 - recording - INFO - 强分类器真实测试准确率为：0.33333333333333337
2018-02-02 17:07:16,244 - recording - INFO - [ 1. -1. -1. -1. -1. -1.]
2018-02-02 17:07:16,245 - recording - INFO - [1.0, -1.0, -1.0, -1.0, 1.0, 1.0]
2018-02-02 17:07:16,245 - recording - INFO - 强分类器真实测试准确率为：0.6666666666666667
2018-02-02 17:07:19,982 - recording - INFO - [-1.  1.  1.  1.  1.  1.]
2018-02-02 17:07:19,982 - recording - INFO - [1.0, -1.0, -1.0, -1.0, 1.0, 1.0]
2018-02-02 17:07:19,982 - recording - INFO - 强分类器真实测试准确率为：0.33333333333333337
2018-02-02 17:07:28,093 - recording - INFO - [-1.  1.  1.  1.  1.  1.]
2018-02-02 17:07:28,094 - recording - INFO - [1.0, -1.0, -1.0, -1.0, 1.0, 1.0]
2018-02-02 17:07:28,094 - recording - INFO - 强分类器真实测试准确率为：0.33333333333333337
2018-02-02 17:07:31,685 - recording - INFO - [-1. -1. -1. -1. -1. -1.]
2018-02-02 17:07:31,687 - recording - INFO - [1.0, -1.0, -1.0, -1.0, 1.0, 1.0]
2018-02-02 17:07:31,687 - recording - INFO - 强分类器真实测试准确率为：0.5
2018-02-02 17:10:45,822 - recording - INFO - [ 1.  1.  1.  1.  1.  1.]
2018-02-02 17:10:45,823 - recording - INFO - [1.0, -1.0, -1.0, -1.0, 1.0, 1.0]
2018-02-02 17:10:45,823 - recording - INFO - 强分类器真实测试准确率为：0.5
2018-02-02 17:20:52,874 - recording - INFO - [ 1. -1. -1. -1.  1.  1. -1.]
2018-02-02 17:20:52,875 - recording - INFO - [-1.0, -1.0, -1.0, 1.0, 1.0, 1.0, 1.0]
2018-02-02 17:20:52,875 - recording - INFO - 强分类器真实测试准确率为：0.5714285714285714
2018-02-02 17:21:03,987 - recording - INFO - [ 1. -1. -1.  1. -1.  1.  1.]
2018-02-02 17:21:03,988 - recording - INFO - [-1.0, -1.0, -1.0, 1.0, 1.0, 1.0, 1.0]
2018-02-02 17:21:03,988 - recording - INFO - 强分类器真实测试准确率为：0.7142857142857143
2018-02-02 17:21:07,601 - recording - INFO - [ 1. -1. -1. -1.  1.  1.  1.]
2018-02-02 17:21:07,601 - recording - INFO - [-1.0, -1.0, -1.0, 1.0, 1.0, 1.0, 1.0]
2018-02-02 17:21:07,601 - recording - INFO - 强分类器真实测试准确率为：0.7142857142857143
2018-02-02 17:21:10,494 - recording - INFO - [ 1.  1.  1.  1.  1.  1.  1.]
2018-02-02 17:21:10,494 - recording - INFO - [-1.0, -1.0, -1.0, 1.0, 1.0, 1.0, 1.0]
2018-02-02 17:21:10,494 - recording - INFO - 强分类器真实测试准确率为：0.5714285714285714
2018-02-02 17:21:20,414 - recording - INFO - [ 1. -1. -1.  1. -1.  1.  1.]
2018-02-02 17:21:20,415 - recording - INFO - [-1.0, -1.0, -1.0, 1.0, 1.0, 1.0, 1.0]
2018-02-02 17:21:20,415 - recording - INFO - 强分类器真实测试准确率为：0.7142857142857143
2018-02-02 17:21:23,859 - recording - INFO - [ 1.  1. -1.  1.  1.  1.  1.]
2018-02-02 17:21:23,859 - recording - INFO - [-1.0, -1.0, -1.0, 1.0, 1.0, 1.0, 1.0]
2018-02-02 17:21:23,859 - recording - INFO - 强分类器真实测试准确率为：0.7142857142857143
2018-02-02 17:21:30,405 - recording - INFO - [ 1.  1. -1.  1.  1.  1.  1.]
2018-02-02 17:21:30,406 - recording - INFO - [-1.0, -1.0, -1.0, 1.0, 1.0, 1.0, 1.0]
2018-02-02 17:21:30,406 - recording - INFO - 强分类器真实测试准确率为：0.7142857142857143
2018-02-02 17:21:39,751 - recording - INFO - [ 1. -1. -1.  1. -1. -1. -1.]
2018-02-02 17:21:39,752 - recording - INFO - [-1.0, -1.0, -1.0, 1.0, 1.0, 1.0, 1.0]
2018-02-02 17:21:39,752 - recording - INFO - 强分类器真实测试准确率为：0.4285714285714286
2018-02-02 17:47:02,658 - recording - INFO - [-1. -1. -1. -1. -1. -1. -1.]
2018-02-02 17:47:02,659 - recording - INFO - [-1.0, -1.0, -1.0, 1.0, 1.0, 1.0, 1.0]
2018-02-02 17:47:02,659 - recording - INFO - 强分类器真实测试准确率为：0.4285714285714286
2018-02-02 17:47:16,385 - recording - INFO - [ 1.  1.  1.  1.  1.  1.  1.]
2018-02-02 17:47:16,386 - recording - INFO - [-1.0, -1.0, -1.0, 1.0, 1.0, 1.0, 1.0]
2018-02-02 17:47:16,386 - recording - INFO - 强分类器真实测试准确率为：0.5714285714285714
2018-02-02 17:47:18,609 - recording - INFO - [ 1.  1.  1.  1.  1.  1.  1.]
2018-02-02 17:47:18,610 - recording - INFO - [-1.0, -1.0, -1.0, 1.0, 1.0, 1.0, 1.0]
2018-02-02 17:47:18,610 - recording - INFO - 强分类器真实测试准确率为：0.5714285714285714
2018-02-02 17:47:20,917 - recording - INFO - [ 1.  1.  1.  1.  1.  1.  1.]
2018-02-02 17:47:20,917 - recording - INFO - [-1.0, -1.0, -1.0, 1.0, 1.0, 1.0, 1.0]
2018-02-02 17:47:20,918 - recording - INFO - 强分类器真实测试准确率为：0.5714285714285714
2018-02-02 17:47:23,068 - recording - INFO - [-1. -1. -1. -1. -1. -1. -1.]
2018-02-02 17:47:23,069 - recording - INFO - [-1.0, -1.0, -1.0, 1.0, 1.0, 1.0, 1.0]
2018-02-02 17:47:23,069 - recording - INFO - 强分类器真实测试准确率为：0.4285714285714286
2018-02-02 17:47:25,277 - recording - INFO - [ 1.  1.  1.  1.  1.  1.  1.]
2018-02-02 17:47:25,278 - recording - INFO - [-1.0, -1.0, -1.0, 1.0, 1.0, 1.0, 1.0]
2018-02-02 17:47:25,278 - recording - INFO - 强分类器真实测试准确率为：0.5714285714285714
2018-02-02 17:54:44,765 - recording - INFO - [ 1.  1.  1.  1.  1.  1.]
2018-02-02 17:54:44,766 - recording - INFO - [1.0, -1.0, -1.0, -1.0, 1.0, 1.0]
2018-02-02 17:54:44,766 - recording - INFO - 强分类器真实测试准确率为：0.5
2018-02-02 17:54:51,645 - recording - INFO - [ 1.  1.  1.  1.  1.  1.]
2018-02-02 17:54:51,646 - recording - INFO - [1.0, -1.0, -1.0, -1.0, 1.0, 1.0]
2018-02-02 17:54:51,646 - recording - INFO - 强分类器真实测试准确率为：0.5
2018-02-02 17:54:53,888 - recording - INFO - [ 1.  1.  1.  1.  1.  1.]
2018-02-02 17:54:53,889 - recording - INFO - [1.0, -1.0, -1.0, -1.0, 1.0, 1.0]
2018-02-02 17:54:53,889 - recording - INFO - 强分类器真实测试准确率为：0.5
2018-02-02 17:54:55,942 - recording - INFO - [ 1.  1.  1.  1.  1.  1.]
2018-02-02 17:54:55,943 - recording - INFO - [1.0, -1.0, -1.0, -1.0, 1.0, 1.0]
2018-02-02 17:54:55,943 - recording - INFO - 强分类器真实测试准确率为：0.5
2018-02-02 17:54:58,056 - recording - INFO - [ 1.  1.  1.  1.  1.  1.]
2018-02-02 17:54:58,057 - recording - INFO - [1.0, -1.0, -1.0, -1.0, 1.0, 1.0]
2018-02-02 17:54:58,057 - recording - INFO - 强分类器真实测试准确率为：0.5
2018-02-02 17:55:35,705 - recording - INFO - [ 1.  1.  1.  1.  1.  1.]
2018-02-02 17:55:35,705 - recording - INFO - [1.0, -1.0, -1.0, -1.0, 1.0, 1.0]
2018-02-02 17:55:35,705 - recording - INFO - 强分类器真实测试准确率为：0.5
2018-02-02 18:00:21,745 - recording - INFO - [ 0.  0.  0.  0.  0.  0.]
2018-02-02 18:00:21,746 - recording - INFO - [1.0, -1.0, -1.0, -1.0, 1.0, 1.0]
2018-02-02 18:00:21,746 - recording - INFO - 强分类器真实测试准确率为：0.0
2018-02-02 18:00:25,201 - recording - INFO - [ 0.  0.  0.  0.  0.  0.]
2018-02-02 18:00:25,201 - recording - INFO - [1.0, -1.0, -1.0, -1.0, 1.0, 1.0]
2018-02-02 18:00:25,202 - recording - INFO - 强分类器真实测试准确率为：0.0
2018-02-02 18:00:28,654 - recording - INFO - [-1. -1. -1. -1. -1. -1.]
2018-02-02 18:00:28,655 - recording - INFO - [1.0, -1.0, -1.0, -1.0, 1.0, 1.0]
2018-02-02 18:00:28,655 - recording - INFO - 强分类器真实测试准确率为：0.5
2018-02-02 18:01:04,814 - recording - INFO - [-1. -1. -1. -1. -1. -1.]
2018-02-02 18:01:04,814 - recording - INFO - [1.0, -1.0, -1.0, -1.0, 1.0, 1.0]
2018-02-02 18:01:04,815 - recording - INFO - 强分类器真实测试准确率为：0.5
2018-02-02 18:01:14,203 - recording - INFO - [ 1.  1.  1.  1.  1.  1.]
2018-02-02 18:01:14,204 - recording - INFO - [1.0, -1.0, -1.0, -1.0, 1.0, 1.0]
2018-02-02 18:01:14,204 - recording - INFO - 强分类器真实测试准确率为：0.5
2018-02-02 18:01:17,352 - recording - INFO - [ 1.  1.  1.  1.  1.  1.]
2018-02-02 18:01:17,353 - recording - INFO - [1.0, -1.0, -1.0, -1.0, 1.0, 1.0]
2018-02-02 18:01:17,353 - recording - INFO - 强分类器真实测试准确率为：0.5
2018-02-02 18:01:20,057 - recording - INFO - [ 1.  1.  1.  1.  1.  1.]
2018-02-02 18:01:20,058 - recording - INFO - [1.0, -1.0, -1.0, -1.0, 1.0, 1.0]
2018-02-02 18:01:20,059 - recording - INFO - 强分类器真实测试准确率为：0.5
2018-02-02 18:01:22,800 - recording - INFO - [-1. -1. -1. -1. -1. -1.]
2018-02-02 18:01:22,800 - recording - INFO - [1.0, -1.0, -1.0, -1.0, 1.0, 1.0]
2018-02-02 18:01:22,800 - recording - INFO - 强分类器真实测试准确率为：0.5
2018-02-02 18:01:33,401 - recording - INFO - [-1. -1. -1. -1. -1. -1. -1.]
2018-02-02 18:01:33,401 - recording - INFO - [-1.0, -1.0, -1.0, 1.0, 1.0, 1.0, 1.0]
2018-02-02 18:01:33,401 - recording - INFO - 强分类器真实测试准确率为：0.4285714285714286
2018-02-02 18:01:36,574 - recording - INFO - [-1. -1. -1. -1. -1. -1. -1.]
2018-02-02 18:01:36,574 - recording - INFO - [-1.0, -1.0, -1.0, 1.0, 1.0, 1.0, 1.0]
2018-02-02 18:01:36,574 - recording - INFO - 强分类器真实测试准确率为：0.4285714285714286
2018-02-02 18:01:39,712 - recording - INFO - [-1. -1. -1. -1. -1. -1. -1.]
2018-02-02 18:01:39,713 - recording - INFO - [-1.0, -1.0, -1.0, 1.0, 1.0, 1.0, 1.0]
2018-02-02 18:01:39,713 - recording - INFO - 强分类器真实测试准确率为：0.4285714285714286
2018-02-02 18:01:44,223 - recording - INFO - [ 1.  1.  1.  1.  1.  1.  1.]
2018-02-02 18:01:44,224 - recording - INFO - [-1.0, -1.0, -1.0, 1.0, 1.0, 1.0, 1.0]
2018-02-02 18:01:44,224 - recording - INFO - 强分类器真实测试准确率为：0.5714285714285714
2018-02-02 18:05:09,889 - recording - INFO - [-1. -1. -1. -1. -1. -1. -1.]
2018-02-02 18:05:09,890 - recording - INFO - [-1.0, -1.0, -1.0, 1.0, 1.0, 1.0, 1.0]
2018-02-02 18:05:09,890 - recording - INFO - 强分类器真实测试准确率为：0.4285714285714286
2018-02-02 18:06:52,246 - recording - INFO - [-1. -1. -1. -1. -1. -1. -1.]
2018-02-02 18:06:52,247 - recording - INFO - [-1.0, -1.0, -1.0, 1.0, 1.0, 1.0, 1.0]
2018-02-02 18:06:52,247 - recording - INFO - 强分类器真实测试准确率为：0.4285714285714286
2018-02-02 18:08:12,443 - recording - INFO - [ 1.  1.  1.  1.  1.  1.  1.]
2018-02-02 18:08:12,443 - recording - INFO - [-1.0, -1.0, -1.0, 1.0, 1.0, 1.0, 1.0]
2018-02-02 18:08:12,443 - recording - INFO - 强分类器真实测试准确率为：0.5714285714285714
2018-02-02 18:08:33,459 - recording - INFO - [ 1.  1.  1.  1.  1.  1.  1.]
2018-02-02 18:08:33,459 - recording - INFO - [-1.0, -1.0, -1.0, 1.0, 1.0, 1.0, 1.0]
2018-02-02 18:08:33,460 - recording - INFO - 强分类器真实测试准确率为：0.5714285714285714
2018-02-02 18:10:45,008 - recording - INFO - [-1.  1.  1. -1. -1. -1. -1.]
2018-02-02 18:10:45,009 - recording - INFO - [-1.0, -1.0, -1.0, 1.0, 1.0, 1.0, 1.0]
2018-02-02 18:10:45,009 - recording - INFO - 强分类器真实测试准确率为：0.1428571428571429
2018-02-02 19:11:01,438 - recording - INFO - [ 1.  1.  1.  1.  1.  1.  1.]
2018-02-02 19:11:01,438 - recording - INFO - [-1.0, -1.0, -1.0, 1.0, 1.0, 1.0, 1.0]
2018-02-02 19:11:01,438 - recording - INFO - 强分类器真实测试准确率为：0.5714285714285714
2018-02-02 19:12:12,342 - recording - INFO - [ 0.  0.  0.  0.  0.  0.  0.]
2018-02-02 19:12:12,343 - recording - INFO - [-1.0, -1.0, -1.0, 1.0, 1.0, 1.0, 1.0]
2018-02-02 19:12:12,343 - recording - INFO - 强分类器真实测试准确率为：0.0
2018-02-02 19:12:30,374 - recording - INFO - [ 1.  1.  1.  1.  1.  1.  1.]
2018-02-02 19:12:30,374 - recording - INFO - [-1.0, -1.0, -1.0, 1.0, 1.0, 1.0, 1.0]
2018-02-02 19:12:30,374 - recording - INFO - 强分类器真实测试准确率为：0.5714285714285714
2018-02-02 19:15:41,301 - recording - INFO - [-1. -1. -1. -1. -1. -1.]
2018-02-02 19:15:41,302 - recording - INFO - [1.0, -1.0, -1.0, -1.0, 1.0, 1.0]
2018-02-02 19:15:41,302 - recording - INFO - 强分类器真实测试准确率为：0.5
2018-02-02 22:25:11,861 - recording - INFO - [-1. -1. -1. -1. -1. -1.]
2018-02-02 22:25:11,862 - recording - INFO - [1.0, -1.0, -1.0, -1.0, 1.0, 1.0]
2018-02-02 22:25:11,862 - recording - INFO - 强分类器真实测试准确率为：0.5
2018-02-02 22:25:27,669 - recording - INFO - [-1. -1. -1. -1. -1. -1.]
2018-02-02 22:25:27,670 - recording - INFO - [1.0, -1.0, -1.0, -1.0, 1.0, 1.0]
2018-02-02 22:25:27,670 - recording - INFO - 强分类器真实测试准确率为：0.5
2018-02-02 22:25:34,297 - recording - INFO - [-1. -1. -1. -1. -1. -1.]
2018-02-02 22:25:34,298 - recording - INFO - [1.0, -1.0, -1.0, -1.0, 1.0, 1.0]
2018-02-02 22:25:34,298 - recording - INFO - 强分类器真实测试准确率为：0.5
2018-02-02 22:25:39,963 - recording - INFO - [-1. -1. -1. -1. -1. -1.]
2018-02-02 22:25:39,964 - recording - INFO - [1.0, -1.0, -1.0, -1.0, 1.0, 1.0]
2018-02-02 22:25:39,964 - recording - INFO - 强分类器真实测试准确率为：0.5
2018-02-02 22:25:49,467 - recording - INFO - [ 1.  1.  1.  1.  1.  1.]
2018-02-02 22:25:49,468 - recording - INFO - [1.0, -1.0, -1.0, -1.0, 1.0, 1.0]
2018-02-02 22:25:49,468 - recording - INFO - 强分类器真实测试准确率为：0.5
2018-02-02 22:31:39,091 - recording - INFO - [-1. -1. -1. -1. -1. -1.]
2018-02-02 22:31:39,092 - recording - INFO - [1.0, -1.0, -1.0, -1.0, 1.0, 1.0]
2018-02-02 22:31:39,092 - recording - INFO - 强分类器真实测试准确率为：0.5
2018-02-02 22:37:51,169 - recording - INFO - [-1. -1. -1. -1. -1. -1.]
2018-02-02 22:37:51,169 - recording - INFO - [1.0, -1.0, -1.0, -1.0, 1.0, 1.0]
2018-02-02 22:37:51,170 - recording - INFO - 强分类器真实测试准确率为：0.5
2018-02-02 22:38:03,437 - recording - INFO - [-1. -1. -1. -1. -1. -1.]
2018-02-02 22:38:03,437 - recording - INFO - [1.0, -1.0, -1.0, -1.0, 1.0, 1.0]
2018-02-02 22:38:03,438 - recording - INFO - 强分类器真实测试准确率为：0.5
2018-02-02 22:39:11,201 - recording - INFO - [-1. -1. -1. -1. -1. -1.]
2018-02-02 22:39:11,202 - recording - INFO - [1.0, -1.0, -1.0, -1.0, 1.0, 1.0]
2018-02-02 22:39:11,202 - recording - INFO - 强分类器真实测试准确率为：0.5
2018-02-02 22:40:11,738 - recording - INFO - [-1. -1. -1. -1. -1. -1.]
2018-02-02 22:40:11,739 - recording - INFO - [1.0, -1.0, -1.0, -1.0, 1.0, 1.0]
2018-02-02 22:40:11,739 - recording - INFO - 强分类器真实测试准确率为：0.5
2018-02-02 22:41:32,335 - recording - INFO - [-1. -1. -1. -1. -1. -1.]
2018-02-02 22:41:32,335 - recording - INFO - [1.0, -1.0, -1.0, -1.0, 1.0, 1.0]
2018-02-02 22:41:32,336 - recording - INFO - 强分类器真实测试准确率为：0.5
2018-02-02 22:42:53,678 - recording - INFO - [-1. -1. -1. -1. -1. -1.]
2018-02-02 22:42:53,678 - recording - INFO - [1.0, -1.0, -1.0, -1.0, 1.0, 1.0]
2018-02-02 22:42:53,678 - recording - INFO - 强分类器真实测试准确率为：0.5
2018-02-02 22:44:23,053 - recording - INFO - [-1. -1. -1. -1. -1. -1.]
2018-02-02 22:44:23,053 - recording - INFO - [1.0, -1.0, -1.0, -1.0, 1.0, 1.0]
2018-02-02 22:44:23,054 - recording - INFO - 强分类器真实测试准确率为：0.5
2018-02-02 22:45:41,594 - recording - INFO - [ 1.  1.  1.  1.  1.  1.]
2018-02-02 22:45:41,595 - recording - INFO - [1.0, -1.0, -1.0, -1.0, 1.0, 1.0]
2018-02-02 22:45:41,595 - recording - INFO - 强分类器真实测试准确率为：0.5
2018-02-03 10:33:08,188 - recording - INFO - [-1. -1. -1. -1. -1. -1.]
2018-02-03 10:33:08,189 - recording - INFO - [1.0, -1.0, -1.0, -1.0, 1.0, 1.0]
2018-02-03 10:33:08,189 - recording - INFO - 强分类器真实测试准确率为：0.5
2018-02-03 10:39:08,991 - recording - INFO - [ 1.  1.  1.  1.  1.  1.]
2018-02-03 10:39:08,991 - recording - INFO - [1.0, -1.0, -1.0, -1.0, 1.0, 1.0]
2018-02-03 10:39:08,991 - recording - INFO - 强分类器真实测试准确率为：0.5
2018-02-03 11:22:01,827 - recording - INFO - [ 1.  1.  1.  1.  1.  1.]
2018-02-03 11:22:01,828 - recording - INFO - [1.0, -1.0, -1.0, -1.0, 1.0, 1.0]
2018-02-03 11:22:01,828 - recording - INFO - 强分类器真实测试准确率为：0.5
2018-02-03 11:23:32,798 - recording - INFO - [-1. -1. -1. -1. -1. -1.]
2018-02-03 11:23:32,799 - recording - INFO - [1.0, -1.0, -1.0, -1.0, 1.0, 1.0]
2018-02-03 11:23:32,799 - recording - INFO - 强分类器真实测试准确率为：0.5
2018-02-03 11:29:20,225 - recording - INFO - [-1. -1. -1. -1. -1. -1.]
2018-02-03 11:29:20,225 - recording - INFO - [1.0, -1.0, -1.0, -1.0, 1.0, 1.0]
2018-02-03 11:29:20,225 - recording - INFO - 强分类器真实测试准确率为：0.5
2018-02-03 11:43:27,946 - recording - INFO - [-1.  1.  1.  1.  1.  1.]
2018-02-03 11:43:27,946 - recording - INFO - [1.0, -1.0, -1.0, -1.0, 1.0, 1.0]
2018-02-03 11:43:27,946 - recording - INFO - 强分类器真实测试准确率为：0.33333333333333337
2018-02-03 11:43:37,172 - recording - INFO - [ 1.  1.  1.  1.  1.  1.]
2018-02-03 11:43:37,172 - recording - INFO - [1.0, -1.0, -1.0, -1.0, 1.0, 1.0]
2018-02-03 11:43:37,172 - recording - INFO - 强分类器真实测试准确率为：0.5
2018-02-03 11:43:42,635 - recording - INFO - [-1. -1. -1. -1. -1. -1.]
2018-02-03 11:43:42,636 - recording - INFO - [1.0, -1.0, -1.0, -1.0, 1.0, 1.0]
2018-02-03 11:43:42,636 - recording - INFO - 强分类器真实测试准确率为：0.5
2018-02-03 12:04:11,633 - recording - INFO - [-1.  1.  1.  1.  1.  1.]
2018-02-03 12:04:11,634 - recording - INFO - [1.0, -1.0, -1.0, -1.0, 1.0, 1.0]
2018-02-03 12:04:11,634 - recording - INFO - 强分类器真实测试准确率为：0.33333333333333337
2018-02-03 12:56:27,913 - recording - INFO - [-1. -1. -1. -1. -1. -1.]
2018-02-03 12:56:27,914 - recording - INFO - [1.0, -1.0, -1.0, -1.0, 1.0, 1.0]
2018-02-03 12:56:27,914 - recording - INFO - 强分类器真实测试准确率为：0.5
2018-02-03 12:56:31,359 - recording - INFO - [ 1. -1. -1. -1. -1. -1.]
2018-02-03 12:56:31,360 - recording - INFO - [1.0, -1.0, -1.0, -1.0, 1.0, 1.0]
2018-02-03 12:56:31,360 - recording - INFO - 强分类器真实测试准确率为：0.6666666666666667
2018-02-03 14:56:00,644 - recording - INFO - [ 1.  1.  1.  1.  1.  1.]
2018-02-03 14:56:00,644 - recording - INFO - [1.0, -1.0, -1.0, -1.0, 1.0, 1.0]
2018-02-03 14:56:00,644 - recording - INFO - 强分类器真实测试准确率为：0.5
2018-02-03 15:00:40,133 - recording - INFO - [-1. -1. -1. -1. -1. -1.]
2018-02-03 15:00:40,134 - recording - INFO - [1.0, -1.0, -1.0, -1.0, 1.0, 1.0]
2018-02-03 15:00:40,134 - recording - INFO - 强分类器真实测试准确率为：0.5
2018-02-03 15:01:54,882 - recording - INFO - [-1.  1.  1.  1.  1.  1.]
2018-02-03 15:01:54,882 - recording - INFO - [1.0, -1.0, -1.0, -1.0, 1.0, 1.0]
2018-02-03 15:01:54,882 - recording - INFO - 强分类器真实测试准确率为：0.33333333333333337
2018-02-03 15:02:33,637 - recording - INFO - [ 1.  1.  1.  1.  1.  1.]
2018-02-03 15:02:33,639 - recording - INFO - [1.0, -1.0, -1.0, -1.0, 1.0, 1.0]
2018-02-03 15:02:33,640 - recording - INFO - 强分类器真实测试准确率为：0.5
2018-02-03 15:02:44,342 - recording - INFO - [ 1. -1. -1. -1. -1. -1.]
2018-02-03 15:02:44,343 - recording - INFO - [1.0, -1.0, -1.0, -1.0, 1.0, 1.0]
2018-02-03 15:02:44,343 - recording - INFO - 强分类器真实测试准确率为：0.6666666666666667
2018-02-03 15:03:13,476 - recording - INFO - [-1. -1. -1. -1. -1. -1.]
2018-02-03 15:03:13,477 - recording - INFO - [1.0, -1.0, -1.0, -1.0, 1.0, 1.0]
2018-02-03 15:03:13,477 - recording - INFO - 强分类器真实测试准确率为：0.5
2018-02-03 15:03:31,230 - recording - INFO - [ 1.  1.  1.  1.  1.  1.]
2018-02-03 15:03:31,231 - recording - INFO - [1.0, -1.0, -1.0, -1.0, 1.0, 1.0]
2018-02-03 15:03:31,231 - recording - INFO - 强分类器真实测试准确率为：0.5
2018-02-03 15:04:22,557 - recording - INFO - [-1. -1. -1. -1. -1. -1.]
2018-02-03 15:04:22,557 - recording - INFO - [1.0, -1.0, -1.0, -1.0, 1.0, 1.0]
2018-02-03 15:04:22,557 - recording - INFO - 强分类器真实测试准确率为：0.5
2018-02-03 15:04:39,284 - recording - INFO - [-1. -1. -1. -1. -1. -1.]
2018-02-03 15:04:39,285 - recording - INFO - [1.0, -1.0, -1.0, -1.0, 1.0, 1.0]
2018-02-03 15:04:39,285 - recording - INFO - 强分类器真实测试准确率为：0.5
2018-02-03 15:04:56,882 - recording - INFO - [-1. -1. -1. -1. -1. -1.]
2018-02-03 15:04:56,883 - recording - INFO - [1.0, -1.0, -1.0, -1.0, 1.0, 1.0]
2018-02-03 15:04:56,883 - recording - INFO - 强分类器真实测试准确率为：0.5
2018-02-03 15:05:19,261 - recording - INFO - [-1. -1. -1. -1. -1. -1.]
2018-02-03 15:05:19,261 - recording - INFO - [1.0, -1.0, -1.0, -1.0, 1.0, 1.0]
2018-02-03 15:05:19,262 - recording - INFO - 强分类器真实测试准确率为：0.5
